2026-05-28 10:30:15,920 [INFO] === INICIANDO INSTANCIA DE MONITOREO ===
2026-05-28 10:30:15,920 [INFO] Consultando API del Hospital Perrupato...
2026-05-28 10:30:16,053 [ERROR] Fallo al conectar con la API: HTTPSConnectionPool(host='mendoza.bahiayasociados.com', port=443): Max retries exceeded with url: /turnos/hospital-perrupato/especialidades (Caused by NameResolutionError("HTTPSConnection(host='mendoza.bahiayasociados.com', port=443): Failed to resolve 'mendoza.bahiayasociados.com' ([Errno -2] Name or service not known)"))
2026-05-28 10:30:16,053 [ERROR] No se pudieron recopilar datos legibles de la API externa.
2026-05-28 10:46:31,248 [INFO] === INICIANDO INSTANCIA DE MONITOREO ===
2026-05-28 10:46:31,248 [INFO] Consultando API del Hospital Perrupato...
2026-05-28 10:46:31,537 [ERROR] Fallo al conectar con la API: HTTPSConnectionPool(host='mendoza.bahiayasociados.com', port=443): Max retries exceeded with url: /turnos/hospital-perrupato/especialidades (Caused by NameResolutionError("HTTPSConnection(host='mendoza.bahiayasociados.com', port=443): Failed to resolve 'mendoza.bahiayasociados.com' ([Errno -2] Name or service not known)"))
2026-05-28 10:46:31,537 [ERROR] No se pudieron recopilar datos legibles de la API externa.
2026-05-28 11:01:07,039 [INFO] === INICIANDO INSTANCIA DE MONITOREO ===
2026-05-28 11:01:07,039 [INFO] Consultando API del Hospital Perrupato...
2026-05-28 11:01:07,184 [ERROR] Fallo al conectar con la API: HTTPSConnectionPool(host='mendoza.bahiayasociados.com', port=443): Max retries exceeded with url: /turnos/hospital-perrupato/especialidades (Caused by NameResolutionError("HTTPSConnection(host='mendoza.bahiayasociados.com', port=443): Failed to resolve 'mendoza.bahiayasociados.com' ([Errno -2] Name or service not known)"))
2026-05-28 11:01:07,184 [ERROR] No se pudieron recopilar datos legibles de la API externa.
2026-05-28 11:15:38,149 [INFO] === INICIANDO INSTANCIA DE MONITOREO ===
2026-05-28 11:15:38,149 [INFO] Consultando API del Hospital Perrupato...
2026-05-28 11:15:38,250 [ERROR] Fallo al conectar con la API: HTTPSConnectionPool(host='mendoza.bahiayasociados.com', port=443): Max retries exceeded with url: /turnos/hospital-perrupato/especialidades (Caused by NameResolutionError("HTTPSConnection(host='mendoza.bahiayasociados.com', port=443): Failed to resolve 'mendoza.bahiayasociados.com' ([Errno -2] Name or service not known)"))
2026-05-28 11:15:38,250 [ERROR] No se pudieron recopilar datos legibles de la API externa.
2026-05-28 11:31:17,258 [INFO] === INICIANDO INSTANCIA DE MONITOREO ===
2026-05-28 11:31:17,258 [INFO] Consultando API del Hospital Perrupato...
2026-05-28 11:31:17,441 [ERROR] Fallo al conectar con la API: HTTPSConnectionPool(host='mendoza.bahiayasociados.com', port=443): Max retries exceeded with url: /turnos/hospital-perrupato/especialidades (Caused by NameResolutionError("HTTPSConnection(host='mendoza.bahiayasociados.com', port=443): Failed to resolve 'mendoza.bahiayasociados.com' ([Errno -2] Name or service not known)"))
2026-05-28 11:31:17,441 [ERROR] No se pudieron recopilar datos legibles de la API externa.
2026-05-28 11:45:32,304 [INFO] === INICIANDO INSTANCIA DE MONITOREO ===
2026-05-28 11:45:32,304 [INFO] Consultando API del Hospital Perrupato...
2026-05-28 11:45:32,465 [ERROR] Fallo al conectar con la API: HTTPSConnectionPool(host='mendoza.bahiayasociados.com', port=443): Max retries exceeded with url: /turnos/hospital-perrupato/especialidades (Caused by NameResolutionError("HTTPSConnection(host='mendoza.bahiayasociados.com', port=443): Failed to resolve 'mendoza.bahiayasociados.com' ([Errno -2] Name or service not known)"))
2026-05-28 11:45:32,465 [ERROR] No se pudieron recopilar datos legibles de la API externa.
2026-05-28 12:01:06,037 [INFO] === INICIANDO INSTANCIA DE MONITOREO ===
2026-05-28 12:01:06,037 [INFO] Consultando API del Hospital Perrupato...
2026-05-28 12:01:06,163 [ERROR] Fallo al conectar con la API: HTTPSConnectionPool(host='mendoza.bahiayasociados.com', port=443): Max retries exceeded with url: /turnos/hospital-perrupato/especialidades (Caused by NameResolutionError("HTTPSConnection(host='mendoza.bahiayasociados.com', port=443): Failed to resolve 'mendoza.bahiayasociados.com' ([Errno -2] Name or service not known)"))
2026-05-28 12:01:06,163 [ERROR] No se pudieron recopilar datos legibles de la API externa.
2026-05-28 12:15:36,950 [INFO] === INICIANDO INSTANCIA DE MONITOREO ===
2026-05-28 12:15:36,950 [INFO] Consultando API del Hospital Perrupato...
2026-05-28 12:15:37,049 [ERROR] Fallo al conectar con la API: HTTPSConnectionPool(host='mendoza.bahiayasociados.com', port=443): Max retries exceeded with url: /turnos/hospital-perrupato/especialidades (Caused by NameResolutionError("HTTPSConnection(host='mendoza.bahiayasociados.com', port=443): Failed to resolve 'mendoza.bahiayasociados.com' ([Errno -2] Name or service not known)"))
2026-05-28 12:15:37,049 [ERROR] No se pudieron recopilar datos legibles de la API externa.
2026-05-28 12:30:23,857 [INFO] === INICIANDO INSTANCIA DE MONITOREO ===
2026-05-28 12:30:23,858 [INFO] Consultando API del Hospital Perrupato...
2026-05-28 12:30:24,005 [ERROR] Fallo al conectar con la API: HTTPSConnectionPool(host='mendoza.bahiayasociados.com', port=443): Max retries exceeded with url: /turnos/hospital-perrupato/especialidades (Caused by NameResolutionError("HTTPSConnection(host='mendoza.bahiayasociados.com', port=443): Failed to resolve 'mendoza.bahiayasociados.com' ([Errno -2] Name or service not known)"))
2026-05-28 12:30:24,005 [ERROR] No se pudieron recopilar datos legibles de la API externa.
2026-05-28 12:46:03,806 [INFO] === INICIANDO INSTANCIA DE MONITOREO ===
2026-05-28 12:46:03,806 [INFO] Consultando API del Hospital Perrupato...
2026-05-28 12:46:04,308 [ERROR] Fallo al conectar con la API: HTTPSConnectionPool(host='mendoza.bahiayasociados.com', port=443): Max retries exceeded with url: /turnos/hospital-perrupato/especialidades (Caused by NameResolutionError("HTTPSConnection(host='mendoza.bahiayasociados.com', port=443): Failed to resolve 'mendoza.bahiayasociados.com' ([Errno -2] Name or service not known)"))
2026-05-28 12:46:04,308 [ERROR] No se pudieron recopilar datos legibles de la API externa.
2026-05-28 13:00:37,477 [INFO] === INICIANDO INSTANCIA DE MONITOREO ===
2026-05-28 13:00:37,477 [INFO] Consultando API del Hospital Perrupato...
2026-05-28 13:00:37,620 [ERROR] Fallo al conectar con la API: HTTPSConnectionPool(host='mendoza.bahiayasociados.com', port=443): Max retries exceeded with url: /turnos/hospital-perrupato/especialidades (Caused by NameResolutionError("HTTPSConnection(host='mendoza.bahiayasociados.com', port=443): Failed to resolve 'mendoza.bahiayasociados.com' ([Errno -2] Name or service not known)"))
2026-05-28 13:00:37,620 [ERROR] No se pudieron recopilar datos legibles de la API externa.
2026-05-28 13:15:29,197 [INFO] === INICIANDO INSTANCIA DE MONITOREO ===
2026-05-28 13:15:29,197 [INFO] Consultando API del Hospital Perrupato...
2026-05-28 13:15:29,295 [ERROR] Fallo al conectar con la API: HTTPSConnectionPool(host='mendoza.bahiayasociados.com', port=443): Max retries exceeded with url: /turnos/hospital-perrupato/especialidades (Caused by NameResolutionError("HTTPSConnection(host='mendoza.bahiayasociados.com', port=443): Failed to resolve 'mendoza.bahiayasociados.com' ([Errno -2] Name or service not known)"))
2026-05-28 13:15:29,295 [ERROR] No se pudieron recopilar datos legibles de la API externa.
2026-05-28 13:30:08,116 [INFO] === INICIANDO INSTANCIA DE MONITOREO ===
2026-05-28 13:30:08,117 [INFO] Consultando API del Hospital Perrupato...
2026-05-28 13:30:08,347 [ERROR] Fallo al conectar con la API: HTTPSConnectionPool(host='mendoza.bahiayasociados.com', port=443): Max retries exceeded with url: /turnos/hospital-perrupato/especialidades (Caused by NameResolutionError("HTTPSConnection(host='mendoza.bahiayasociados.com', port=443): Failed to resolve 'mendoza.bahiayasociados.com' ([Errno -2] Name or service not known)"))
2026-05-28 13:30:08,347 [ERROR] No se pudieron recopilar datos legibles de la API externa.
2026-05-28 13:45:28,444 [INFO] === INICIANDO INSTANCIA DE MONITOREO ===
2026-05-28 13:45:28,444 [INFO] Consultando API del Hospital Perrupato...
2026-05-28 13:45:28,595 [ERROR] Fallo al conectar con la API: HTTPSConnectionPool(host='mendoza.bahiayasociados.com', port=443): Max retries exceeded with url: /turnos/hospital-perrupato/especialidades (Caused by NameResolutionError("HTTPSConnection(host='mendoza.bahiayasociados.com', port=443): Failed to resolve 'mendoza.bahiayasociados.com' ([Errno -2] Name or service not known)"))
2026-05-28 13:45:28,595 [ERROR] No se pudieron recopilar datos legibles de la API externa.
2026-05-28 14:00:33,544 [INFO] === INICIANDO INSTANCIA DE MONITOREO ===
2026-05-28 14:00:33,544 [INFO] Consultando API del Hospital Perrupato...
2026-05-28 14:00:33,655 [ERROR] Fallo al conectar con la API: HTTPSConnectionPool(host='mendoza.bahiayasociados.com', port=443): Max retries exceeded with url: /turnos/hospital-perrupato/especialidades (Caused by NameResolutionError("HTTPSConnection(host='mendoza.bahiayasociados.com', port=443): Failed to resolve 'mendoza.bahiayasociados.com' ([Errno -2] Name or service not known)"))
2026-05-28 14:00:33,655 [ERROR] No se pudieron recopilar datos legibles de la API externa.
2026-05-28 14:16:31,379 [INFO] === INICIANDO INSTANCIA DE MONITOREO ===
2026-05-28 14:16:31,379 [INFO] Consultando API del Hospital Perrupato...
2026-05-28 14:16:31,522 [ERROR] Fallo al conectar con la API: HTTPSConnectionPool(host='mendoza.bahiayasociados.com', port=443): Max retries exceeded with url: /turnos/hospital-perrupato/especialidades (Caused by NameResolutionError("HTTPSConnection(host='mendoza.bahiayasociados.com', port=443): Failed to resolve 'mendoza.bahiayasociados.com' ([Errno -2] Name or service not known)"))
2026-05-28 14:16:31,522 [ERROR] No se pudieron recopilar datos legibles de la API externa.
2026-05-28 14:30:58,429 [INFO] === INICIANDO INSTANCIA DE MONITOREO ===
2026-05-28 14:30:58,429 [INFO] Consultando API del Hospital Perrupato...
2026-05-28 14:30:59,589 [ERROR] Fallo al conectar con la API: HTTPSConnectionPool(host='mendoza.bahiayasociados.com', port=443): Max retries exceeded with url: /turnos/hospital-perrupato/especialidades (Caused by NameResolutionError("HTTPSConnection(host='mendoza.bahiayasociados.com', port=443): Failed to resolve 'mendoza.bahiayasociados.com' ([Errno -2] Name or service not known)"))
2026-05-28 14:30:59,589 [ERROR] No se pudieron recopilar datos legibles de la API externa.
2026-05-28 14:46:11,159 [INFO] === INICIANDO INSTANCIA DE MONITOREO ===
2026-05-28 14:46:11,159 [INFO] Consultando API del Hospital Perrupato...
2026-05-28 14:46:11,258 [ERROR] Fallo al conectar con la API: HTTPSConnectionPool(host='mendoza.bahiayasociados.com', port=443): Max retries exceeded with url: /turnos/hospital-perrupato/especialidades (Caused by NameResolutionError("HTTPSConnection(host='mendoza.bahiayasociados.com', port=443): Failed to resolve 'mendoza.bahiayasociados.com' ([Errno -2] Name or service not known)"))
2026-05-28 14:46:11,258 [ERROR] No se pudieron recopilar datos legibles de la API externa.
2026-05-28 15:00:39,690 [INFO] === INICIANDO INSTANCIA DE MONITOREO ===
2026-05-28 15:00:39,690 [INFO] Consultando API del Hospital Perrupato...
2026-05-28 15:00:39,798 [ERROR] Fallo al conectar con la API: HTTPSConnectionPool(host='mendoza.bahiayasociados.com', port=443): Max retries exceeded with url: /turnos/hospital-perrupato/especialidades (Caused by NameResolutionError("HTTPSConnection(host='mendoza.bahiayasociados.com', port=443): Failed to resolve 'mendoza.bahiayasociados.com' ([Errno -2] Name or service not known)"))
2026-05-28 15:00:39,798 [ERROR] No se pudieron recopilar datos legibles de la API externa.
2026-05-28 15:16:16,322 [INFO] === INICIANDO INSTANCIA DE MONITOREO ===
2026-05-28 15:16:16,322 [INFO] Consultando API del Hospital Perrupato...
2026-05-28 15:16:16,469 [ERROR] Fallo al conectar con la API: HTTPSConnectionPool(host='mendoza.bahiayasociados.com', port=443): Max retries exceeded with url: /turnos/hospital-perrupato/especialidades (Caused by NameResolutionError("HTTPSConnection(host='mendoza.bahiayasociados.com', port=443): Failed to resolve 'mendoza.bahiayasociados.com' ([Errno -2] Name or service not known)"))
2026-05-28 15:16:16,470 [ERROR] No se pudieron recopilar datos legibles de la API externa.
2026-05-28 15:30:36,368 [INFO] === INICIANDO INSTANCIA DE MONITOREO ===
2026-05-28 15:30:36,368 [INFO] Consultando API del Hospital Perrupato...
2026-05-28 15:30:36,768 [ERROR] Fallo al conectar con la API: HTTPSConnectionPool(host='mendoza.bahiayasociados.com', port=443): Max retries exceeded with url: /turnos/hospital-perrupato/especialidades (Caused by NameResolutionError("HTTPSConnection(host='mendoza.bahiayasociados.com', port=443): Failed to resolve 'mendoza.bahiayasociados.com' ([Errno -2] Name or service not known)"))
2026-05-28 15:30:36,768 [ERROR] No se pudieron recopilar datos legibles de la API externa.
2026-05-28 15:46:06,982 [INFO] === INICIANDO INSTANCIA DE MONITOREO ===
2026-05-28 15:46:06,982 [INFO] Consultando API del Hospital Perrupato...
2026-05-28 15:46:07,112 [ERROR] Fallo al conectar con la API: HTTPSConnectionPool(host='mendoza.bahiayasociados.com', port=443): Max retries exceeded with url: /turnos/hospital-perrupato/especialidades (Caused by NameResolutionError("HTTPSConnection(host='mendoza.bahiayasociados.com', port=443): Failed to resolve 'mendoza.bahiayasociados.com' ([Errno -2] Name or service not known)"))
2026-05-28 15:46:07,113 [ERROR] No se pudieron recopilar datos legibles de la API externa.
2026-05-28 16:00:21,190 [INFO] === INICIANDO INSTANCIA DE MONITOREO ===
2026-05-28 16:00:21,190 [INFO] Consultando API del Hospital Perrupato...
2026-05-28 16:00:21,320 [ERROR] Fallo al conectar con la API: HTTPSConnectionPool(host='mendoza.bahiayasociados.com', port=443): Max retries exceeded with url: /turnos/hospital-perrupato/especialidades (Caused by NameResolutionError("HTTPSConnection(host='mendoza.bahiayasociados.com', port=443): Failed to resolve 'mendoza.bahiayasociados.com' ([Errno -2] Name or service not known)"))
2026-05-28 16:00:21,320 [ERROR] No se pudieron recopilar datos legibles de la API externa.
2026-05-28 16:16:09,943 [INFO] === INICIANDO INSTANCIA DE MONITOREO ===
2026-05-28 16:16:09,943 [INFO] Consultando API del Hospital Perrupato...
2026-05-28 16:16:10,115 [ERROR] Fallo al conectar con la API: HTTPSConnectionPool(host='mendoza.bahiayasociados.com', port=443): Max retries exceeded with url: /turnos/hospital-perrupato/especialidades (Caused by NameResolutionError("HTTPSConnection(host='mendoza.bahiayasociados.com', port=443): Failed to resolve 'mendoza.bahiayasociados.com' ([Errno -2] Name or service not known)"))
2026-05-28 16:16:10,115 [ERROR] No se pudieron recopilar datos legibles de la API externa.
2026-05-28 16:30:17,568 [INFO] === INICIANDO INSTANCIA DE MONITOREO ===
2026-05-28 16:30:17,568 [INFO] Consultando API del Hospital Perrupato...
2026-05-28 16:30:17,674 [ERROR] Fallo al conectar con la API: HTTPSConnectionPool(host='mendoza.bahiayasociados.com', port=443): Max retries exceeded with url: /turnos/hospital-perrupato/especialidades (Caused by NameResolutionError("HTTPSConnection(host='mendoza.bahiayasociados.com', port=443): Failed to resolve 'mendoza.bahiayasociados.com' ([Errno -2] Name or service not known)"))
2026-05-28 16:30:17,674 [ERROR] No se pudieron recopilar datos legibles de la API externa.
2026-05-28 16:46:12,820 [INFO] === INICIANDO INSTANCIA DE MONITOREO ===
2026-05-28 16:46:12,820 [INFO] Consultando API del Hospital Perrupato...
2026-05-28 16:46:12,961 [ERROR] Fallo al conectar con la API: HTTPSConnectionPool(host='mendoza.bahiayasociados.com', port=443): Max retries exceeded with url: /turnos/hospital-perrupato/especialidades (Caused by NameResolutionError("HTTPSConnection(host='mendoza.bahiayasociados.com', port=443): Failed to resolve 'mendoza.bahiayasociados.com' ([Errno -2] Name or service not known)"))
2026-05-28 16:46:12,961 [ERROR] No se pudieron recopilar datos legibles de la API externa.
2026-05-28 17:00:11,454 [INFO] === INICIANDO INSTANCIA DE MONITOREO ===
2026-05-28 17:00:11,454 [INFO] Consultando API del Hospital Perrupato...
2026-05-28 17:00:11,599 [ERROR] Fallo al conectar con la API: HTTPSConnectionPool(host='mendoza.bahiayasociados.com', port=443): Max retries exceeded with url: /turnos/hospital-perrupato/especialidades (Caused by NameResolutionError("HTTPSConnection(host='mendoza.bahiayasociados.com', port=443): Failed to resolve 'mendoza.bahiayasociados.com' ([Errno -2] Name or service not known)"))
2026-05-28 17:00:11,599 [ERROR] No se pudieron recopilar datos legibles de la API externa.
2026-05-28 17:15:12,034 [INFO] === INICIANDO INSTANCIA DE MONITOREO ===
2026-05-28 17:15:12,034 [INFO] Consultando API del Hospital Perrupato...
2026-05-28 17:15:12,220 [ERROR] Fallo al conectar con la API: HTTPSConnectionPool(host='mendoza.bahiayasociados.com', port=443): Max retries exceeded with url: /turnos/hospital-perrupato/especialidades (Caused by NameResolutionError("HTTPSConnection(host='mendoza.bahiayasociados.com', port=443): Failed to resolve 'mendoza.bahiayasociados.com' ([Errno -2] Name or service not known)"))
2026-05-28 17:15:12,220 [ERROR] No se pudieron recopilar datos legibles de la API externa.
2026-05-28 17:30:14,228 [INFO] === INICIANDO INSTANCIA DE MONITOREO ===
2026-05-28 17:30:14,228 [INFO] Consultando API del Hospital Perrupato...
2026-05-28 17:30:14,325 [ERROR] Fallo al conectar con la API: HTTPSConnectionPool(host='mendoza.bahiayasociados.com', port=443): Max retries exceeded with url: /turnos/hospital-perrupato/especialidades (Caused by NameResolutionError("HTTPSConnection(host='mendoza.bahiayasociados.com', port=443): Failed to resolve 'mendoza.bahiayasociados.com' ([Errno -2] Name or service not known)"))
2026-05-28 17:30:14,325 [ERROR] No se pudieron recopilar datos legibles de la API externa.
2026-05-28 17:46:23,885 [INFO] === INICIANDO INSTANCIA DE MONITOREO ===
2026-05-28 17:46:23,885 [INFO] Consultando API del Hospital Perrupato...
2026-05-28 17:46:24,014 [ERROR] Fallo al conectar con la API: HTTPSConnectionPool(host='mendoza.bahiayasociados.com', port=443): Max retries exceeded with url: /turnos/hospital-perrupato/especialidades (Caused by NameResolutionError("HTTPSConnection(host='mendoza.bahiayasociados.com', port=443): Failed to resolve 'mendoza.bahiayasociados.com' ([Errno -2] Name or service not known)"))
2026-05-28 17:46:24,014 [ERROR] No se pudieron recopilar datos legibles de la API externa.
2026-05-28 18:01:10,412 [INFO] === INICIANDO INSTANCIA DE MONITOREO ===
2026-05-28 18:01:10,413 [INFO] Consultando API del Hospital Perrupato...
2026-05-28 18:01:10,575 [ERROR] Fallo al conectar con la API: HTTPSConnectionPool(host='mendoza.bahiayasociados.com', port=443): Max retries exceeded with url: /turnos/hospital-perrupato/especialidades (Caused by NameResolutionError("HTTPSConnection(host='mendoza.bahiayasociados.com', port=443): Failed to resolve 'mendoza.bahiayasociados.com' ([Errno -2] Name or service not known)"))
2026-05-28 18:01:10,575 [ERROR] No se pudieron recopilar datos legibles de la API externa.
2026-05-28 18:15:12,114 [INFO] === INICIANDO INSTANCIA DE MONITOREO ===
2026-05-28 18:15:12,114 [INFO] Consultando API del Hospital Perrupato...
2026-05-28 18:15:13,705 [ERROR] Fallo al conectar con la API: HTTPSConnectionPool(host='mendoza.bahiayasociados.com', port=443): Max retries exceeded with url: /turnos/hospital-perrupato/especialidades (Caused by NameResolutionError("HTTPSConnection(host='mendoza.bahiayasociados.com', port=443): Failed to resolve 'mendoza.bahiayasociados.com' ([Errno -2] Name or service not known)"))
2026-05-28 18:15:13,705 [ERROR] No se pudieron recopilar datos legibles de la API externa.
2026-05-28 18:30:58,039 [INFO] === INICIANDO INSTANCIA DE MONITOREO ===
2026-05-28 18:30:58,039 [INFO] Consultando API del Hospital Perrupato...
2026-05-28 18:30:59,385 [ERROR] Fallo al conectar con la API: HTTPSConnectionPool(host='mendoza.bahiayasociados.com', port=443): Max retries exceeded with url: /turnos/hospital-perrupato/especialidades (Caused by NameResolutionError("HTTPSConnection(host='mendoza.bahiayasociados.com', port=443): Failed to resolve 'mendoza.bahiayasociados.com' ([Errno -2] Name or service not known)"))
2026-05-28 18:30:59,385 [ERROR] No se pudieron recopilar datos legibles de la API externa.
2026-05-28 18:45:45,564 [INFO] === INICIANDO INSTANCIA DE MONITOREO ===
2026-05-28 18:45:45,564 [INFO] Consultando API del Hospital Perrupato...
2026-05-28 18:45:45,676 [ERROR] Fallo al conectar con la API: HTTPSConnectionPool(host='mendoza.bahiayasociados.com', port=443): Max retries exceeded with url: /turnos/hospital-perrupato/especialidades (Caused by NameResolutionError("HTTPSConnection(host='mendoza.bahiayasociados.com', port=443): Failed to resolve 'mendoza.bahiayasociados.com' ([Errno -2] Name or service not known)"))
2026-05-28 18:45:45,676 [ERROR] No se pudieron recopilar datos legibles de la API externa.
2026-05-28 19:01:19,821 [INFO] === INICIANDO INSTANCIA DE MONITOREO ===
2026-05-28 19:01:19,821 [INFO] Consultando API del Hospital Perrupato...
2026-05-28 19:01:20,000 [ERROR] Fallo al conectar con la API: HTTPSConnectionPool(host='mendoza.bahiayasociados.com', port=443): Max retries exceeded with url: /turnos/hospital-perrupato/especialidades (Caused by NameResolutionError("HTTPSConnection(host='mendoza.bahiayasociados.com', port=443): Failed to resolve 'mendoza.bahiayasociados.com' ([Errno -2] Name or service not known)"))
2026-05-28 19:01:20,000 [ERROR] No se pudieron recopilar datos legibles de la API externa.
2026-05-28 19:15:51,087 [INFO] === INICIANDO INSTANCIA DE MONITOREO ===
2026-05-28 19:15:51,087 [INFO] Consultando API del Hospital Perrupato...
2026-05-28 19:15:51,216 [ERROR] Fallo al conectar con la API: HTTPSConnectionPool(host='mendoza.bahiayasociados.com', port=443): Max retries exceeded with url: /turnos/hospital-perrupato/especialidades (Caused by NameResolutionError("HTTPSConnection(host='mendoza.bahiayasociados.com', port=443): Failed to resolve 'mendoza.bahiayasociados.com' ([Errno -2] Name or service not known)"))
2026-05-28 19:15:51,216 [ERROR] No se pudieron recopilar datos legibles de la API externa.
2026-05-28 19:30:20,597 [INFO] === INICIANDO INSTANCIA DE MONITOREO ===
2026-05-28 19:30:20,598 [INFO] Consultando API del Hospital Perrupato...
2026-05-28 19:30:20,744 [ERROR] Fallo al conectar con la API: HTTPSConnectionPool(host='mendoza.bahiayasociados.com', port=443): Max retries exceeded with url: /turnos/hospital-perrupato/especialidades (Caused by NameResolutionError("HTTPSConnection(host='mendoza.bahiayasociados.com', port=443): Failed to resolve 'mendoza.bahiayasociados.com' ([Errno -2] Name or service not known)"))
2026-05-28 19:30:20,744 [ERROR] No se pudieron recopilar datos legibles de la API externa.
2026-05-28 19:46:31,327 [INFO] === INICIANDO INSTANCIA DE MONITOREO ===
2026-05-28 19:46:31,327 [INFO] Consultando API del Hospital Perrupato...
2026-05-28 19:46:31,514 [ERROR] Fallo al conectar con la API: HTTPSConnectionPool(host='mendoza.bahiayasociados.com', port=443): Max retries exceeded with url: /turnos/hospital-perrupato/especialidades (Caused by NameResolutionError("HTTPSConnection(host='mendoza.bahiayasociados.com', port=443): Failed to resolve 'mendoza.bahiayasociados.com' ([Errno -2] Name or service not known)"))
2026-05-28 19:46:31,515 [ERROR] No se pudieron recopilar datos legibles de la API externa.
2026-05-28 20:00:26,608 [INFO] === INICIANDO INSTANCIA DE MONITOREO ===
2026-05-28 20:00:26,608 [INFO] Consultando API del Hospital Perrupato...
2026-05-28 20:00:26,753 [ERROR] Fallo al conectar con la API: HTTPSConnectionPool(host='mendoza.bahiayasociados.com', port=443): Max retries exceeded with url: /turnos/hospital-perrupato/especialidades (Caused by NameResolutionError("HTTPSConnection(host='mendoza.bahiayasociados.com', port=443): Failed to resolve 'mendoza.bahiayasociados.com' ([Errno -2] Name or service not known)"))
2026-05-28 20:00:26,753 [ERROR] No se pudieron recopilar datos legibles de la API externa.
2026-05-28 20:16:16,086 [INFO] === INICIANDO INSTANCIA DE MONITOREO ===
2026-05-28 20:16:16,086 [INFO] Consultando API del Hospital Perrupato...
2026-05-28 20:16:16,197 [ERROR] Fallo al conectar con la API: HTTPSConnectionPool(host='mendoza.bahiayasociados.com', port=443): Max retries exceeded with url: /turnos/hospital-perrupato/especialidades (Caused by NameResolutionError("HTTPSConnection(host='mendoza.bahiayasociados.com', port=443): Failed to resolve 'mendoza.bahiayasociados.com' ([Errno -2] Name or service not known)"))
2026-05-28 20:16:16,197 [ERROR] No se pudieron recopilar datos legibles de la API externa.
2026-05-28 20:30:43,855 [INFO] === INICIANDO INSTANCIA DE MONITOREO ===
2026-05-28 20:30:43,856 [INFO] Consultando API del Hospital Perrupato...
2026-05-28 20:30:43,965 [ERROR] Fallo al conectar con la API: HTTPSConnectionPool(host='mendoza.bahiayasociados.com', port=443): Max retries exceeded with url: /turnos/hospital-perrupato/especialidades (Caused by NameResolutionError("HTTPSConnection(host='mendoza.bahiayasociados.com', port=443): Failed to resolve 'mendoza.bahiayasociados.com' ([Errno -2] Name or service not known)"))
2026-05-28 20:30:43,965 [ERROR] No se pudieron recopilar datos legibles de la API externa.
2026-05-28 20:45:10,345 [INFO] === INICIANDO INSTANCIA DE MONITOREO ===
2026-05-28 20:45:10,345 [INFO] Consultando API del Hospital Perrupato...
2026-05-28 20:45:10,465 [ERROR] Fallo al conectar con la API: HTTPSConnectionPool(host='mendoza.bahiayasociados.com', port=443): Max retries exceeded with url: /turnos/hospital-perrupato/especialidades (Caused by NameResolutionError("HTTPSConnection(host='mendoza.bahiayasociados.com', port=443): Failed to resolve 'mendoza.bahiayasociados.com' ([Errno -2] Name or service not known)"))
2026-05-28 20:45:10,465 [ERROR] No se pudieron recopilar datos legibles de la API externa.
2026-05-28 21:01:26,253 [INFO] === INICIANDO INSTANCIA DE MONITOREO ===
2026-05-28 21:01:26,254 [INFO] Consultando API del Hospital Perrupato...
2026-05-28 21:01:26,387 [ERROR] Fallo al conectar con la API: HTTPSConnectionPool(host='mendoza.bahiayasociados.com', port=443): Max retries exceeded with url: /turnos/hospital-perrupato/especialidades (Caused by NameResolutionError("HTTPSConnection(host='mendoza.bahiayasociados.com', port=443): Failed to resolve 'mendoza.bahiayasociados.com' ([Errno -2] Name or service not known)"))
2026-05-28 21:01:26,387 [ERROR] No se pudieron recopilar datos legibles de la API externa.
2026-05-28 21:15:09,053 [INFO] === INICIANDO INSTANCIA DE MONITOREO ===
2026-05-28 21:15:09,054 [INFO] Consultando API del Hospital Perrupato...
2026-05-28 21:15:09,184 [ERROR] Fallo al conectar con la API: HTTPSConnectionPool(host='mendoza.bahiayasociados.com', port=443): Max retries exceeded with url: /turnos/hospital-perrupato/especialidades (Caused by NameResolutionError("HTTPSConnection(host='mendoza.bahiayasociados.com', port=443): Failed to resolve 'mendoza.bahiayasociados.com' ([Errno -2] Name or service not known)"))
2026-05-28 21:15:09,184 [ERROR] No se pudieron recopilar datos legibles de la API externa.
2026-05-28 21:30:35,690 [INFO] === INICIANDO INSTANCIA DE MONITOREO ===
2026-05-28 21:30:35,691 [INFO] Consultando API del Hospital Perrupato...
2026-05-28 21:30:35,852 [ERROR] Fallo al conectar con la API: HTTPSConnectionPool(host='mendoza.bahiayasociados.com', port=443): Max retries exceeded with url: /turnos/hospital-perrupato/especialidades (Caused by NameResolutionError("HTTPSConnection(host='mendoza.bahiayasociados.com', port=443): Failed to resolve 'mendoza.bahiayasociados.com' ([Errno -2] Name or service not known)"))
2026-05-28 21:30:35,852 [ERROR] No se pudieron recopilar datos legibles de la API externa.
2026-05-28 21:46:11,461 [INFO] === INICIANDO INSTANCIA DE MONITOREO ===
2026-05-28 21:46:11,462 [INFO] Consultando API del Hospital Perrupato...
2026-05-28 21:46:11,686 [ERROR] Fallo al conectar con la API: HTTPSConnectionPool(host='mendoza.bahiayasociados.com', port=443): Max retries exceeded with url: /turnos/hospital-perrupato/especialidades (Caused by NameResolutionError("HTTPSConnection(host='mendoza.bahiayasociados.com', port=443): Failed to resolve 'mendoza.bahiayasociados.com' ([Errno -2] Name or service not known)"))
2026-05-28 21:46:11,686 [ERROR] No se pudieron recopilar datos legibles de la API externa.
2026-05-28 22:01:13,114 [INFO] === INICIANDO INSTANCIA DE MONITOREO ===
2026-05-28 22:01:13,115 [INFO] Consultando API del Hospital Perrupato...
2026-05-28 22:01:13,397 [ERROR] Fallo al conectar con la API: HTTPSConnectionPool(host='mendoza.bahiayasociados.com', port=443): Max retries exceeded with url: /turnos/hospital-perrupato/especialidades (Caused by NameResolutionError("HTTPSConnection(host='mendoza.bahiayasociados.com', port=443): Failed to resolve 'mendoza.bahiayasociados.com' ([Errno -2] Name or service not known)"))
2026-05-28 22:01:13,397 [ERROR] No se pudieron recopilar datos legibles de la API externa.
2026-05-28 22:15:42,334 [INFO] === INICIANDO INSTANCIA DE MONITOREO ===
2026-05-28 22:15:42,335 [INFO] Consultando API del Hospital Perrupato...
2026-05-28 22:15:42,446 [ERROR] Fallo al conectar con la API: HTTPSConnectionPool(host='mendoza.bahiayasociados.com', port=443): Max retries exceeded with url: /turnos/hospital-perrupato/especialidades (Caused by NameResolutionError("HTTPSConnection(host='mendoza.bahiayasociados.com', port=443): Failed to resolve 'mendoza.bahiayasociados.com' ([Errno -2] Name or service not known)"))
2026-05-28 22:15:42,446 [ERROR] No se pudieron recopilar datos legibles de la API externa.
2026-05-28 22:30:11,768 [INFO] === INICIANDO INSTANCIA DE MONITOREO ===
2026-05-28 22:30:11,768 [INFO] Consultando API del Hospital Perrupato...
2026-05-28 22:30:11,866 [ERROR] Fallo al conectar con la API: HTTPSConnectionPool(host='mendoza.bahiayasociados.com', port=443): Max retries exceeded with url: /turnos/hospital-perrupato/especialidades (Caused by NameResolutionError("HTTPSConnection(host='mendoza.bahiayasociados.com', port=443): Failed to resolve 'mendoza.bahiayasociados.com' ([Errno -2] Name or service not known)"))
2026-05-28 22:30:11,866 [ERROR] No se pudieron recopilar datos legibles de la API externa.
2026-05-28 22:45:17,199 [INFO] === INICIANDO INSTANCIA DE MONITOREO ===
2026-05-28 22:45:17,199 [INFO] Consultando API del Hospital Perrupato...
2026-05-28 22:45:17,299 [ERROR] Fallo al conectar con la API: HTTPSConnectionPool(host='mendoza.bahiayasociados.com', port=443): Max retries exceeded with url: /turnos/hospital-perrupato/especialidades (Caused by NameResolutionError("HTTPSConnection(host='mendoza.bahiayasociados.com', port=443): Failed to resolve 'mendoza.bahiayasociados.com' ([Errno -2] Name or service not known)"))
2026-05-28 22:45:17,299 [ERROR] No se pudieron recopilar datos legibles de la API externa.
2026-05-28 23:00:54,487 [INFO] === INICIANDO INSTANCIA DE MONITOREO ===
2026-05-28 23:00:54,487 [INFO] Consultando API del Hospital Perrupato...
2026-05-28 23:00:54,582 [ERROR] Fallo al conectar con la API: HTTPSConnectionPool(host='mendoza.bahiayasociados.com', port=443): Max retries exceeded with url: /turnos/hospital-perrupato/especialidades (Caused by NameResolutionError("HTTPSConnection(host='mendoza.bahiayasociados.com', port=443): Failed to resolve 'mendoza.bahiayasociados.com' ([Errno -2] Name or service not known)"))
2026-05-28 23:00:54,582 [ERROR] No se pudieron recopilar datos legibles de la API externa.
2026-05-28 23:15:46,010 [INFO] === INICIANDO INSTANCIA DE MONITOREO ===
2026-05-28 23:15:46,010 [INFO] Consultando API del Hospital Perrupato...
2026-05-28 23:15:47,121 [ERROR] Fallo al conectar con la API: HTTPSConnectionPool(host='mendoza.bahiayasociados.com', port=443): Max retries exceeded with url: /turnos/hospital-perrupato/especialidades (Caused by NameResolutionError("HTTPSConnection(host='mendoza.bahiayasociados.com', port=443): Failed to resolve 'mendoza.bahiayasociados.com' ([Errno -2] Name or service not known)"))
2026-05-28 23:15:47,121 [ERROR] No se pudieron recopilar datos legibles de la API externa.
2026-05-28 23:31:27,872 [INFO] === INICIANDO INSTANCIA DE MONITOREO ===
2026-05-28 23:31:27,872 [INFO] Consultando API del Hospital Perrupato...
2026-05-28 23:31:27,969 [ERROR] Fallo al conectar con la API: HTTPSConnectionPool(host='mendoza.bahiayasociados.com', port=443): Max retries exceeded with url: /turnos/hospital-perrupato/especialidades (Caused by NameResolutionError("HTTPSConnection(host='mendoza.bahiayasociados.com', port=443): Failed to resolve 'mendoza.bahiayasociados.com' ([Errno -2] Name or service not known)"))
2026-05-28 23:31:27,969 [ERROR] No se pudieron recopilar datos legibles de la API externa.
2026-05-28 23:45:02,397 [INFO] === INICIANDO INSTANCIA DE MONITOREO ===
2026-05-28 23:45:02,397 [INFO] Consultando API del Hospital Perrupato...
2026-05-28 23:45:02,556 [ERROR] Fallo al conectar con la API: HTTPSConnectionPool(host='mendoza.bahiayasociados.com', port=443): Max retries exceeded with url: /turnos/hospital-perrupato/especialidades (Caused by NameResolutionError("HTTPSConnection(host='mendoza.bahiayasociados.com', port=443): Failed to resolve 'mendoza.bahiayasociados.com' ([Errno -2] Name or service not known)"))
2026-05-28 23:45:02,556 [ERROR] No se pudieron recopilar datos legibles de la API externa.
2026-05-29 00:00:24,919 [INFO] === INICIANDO INSTANCIA DE MONITOREO ===
2026-05-29 00:00:24,919 [INFO] Consultando API del Hospital Perrupato...
2026-05-29 00:00:25,031 [ERROR] Fallo al conectar con la API: HTTPSConnectionPool(host='mendoza.bahiayasociados.com', port=443): Max retries exceeded with url: /turnos/hospital-perrupato/especialidades (Caused by NameResolutionError("HTTPSConnection(host='mendoza.bahiayasociados.com', port=443): Failed to resolve 'mendoza.bahiayasociados.com' ([Errno -2] Name or service not known)"))
2026-05-29 00:00:25,032 [ERROR] No se pudieron recopilar datos legibles de la API externa.
2026-05-29 00:15:35,907 [INFO] === INICIANDO INSTANCIA DE MONITOREO ===
2026-05-29 00:15:35,907 [INFO] Consultando API del Hospital Perrupato...
2026-05-29 00:15:36,051 [ERROR] Fallo al conectar con la API: HTTPSConnectionPool(host='mendoza.bahiayasociados.com', port=443): Max retries exceeded with url: /turnos/hospital-perrupato/especialidades (Caused by NameResolutionError("HTTPSConnection(host='mendoza.bahiayasociados.com', port=443): Failed to resolve 'mendoza.bahiayasociados.com' ([Errno -2] Name or service not known)"))
2026-05-29 00:15:36,051 [ERROR] No se pudieron recopilar datos legibles de la API externa.
2026-05-29 00:30:18,802 [INFO] === INICIANDO INSTANCIA DE MONITOREO ===
2026-05-29 00:30:18,802 [INFO] Consultando API del Hospital Perrupato...
2026-05-29 00:30:18,940 [ERROR] Fallo al conectar con la API: HTTPSConnectionPool(host='mendoza.bahiayasociados.com', port=443): Max retries exceeded with url: /turnos/hospital-perrupato/especialidades (Caused by NameResolutionError("HTTPSConnection(host='mendoza.bahiayasociados.com', port=443): Failed to resolve 'mendoza.bahiayasociados.com' ([Errno -2] Name or service not known)"))
2026-05-29 00:30:18,940 [ERROR] No se pudieron recopilar datos legibles de la API externa.
2026-05-29 00:46:11,477 [INFO] === INICIANDO INSTANCIA DE MONITOREO ===
2026-05-29 00:46:11,477 [INFO] Consultando API del Hospital Perrupato...
2026-05-29 00:46:11,606 [ERROR] Fallo al conectar con la API: HTTPSConnectionPool(host='mendoza.bahiayasociados.com', port=443): Max retries exceeded with url: /turnos/hospital-perrupato/especialidades (Caused by NameResolutionError("HTTPSConnection(host='mendoza.bahiayasociados.com', port=443): Failed to resolve 'mendoza.bahiayasociados.com' ([Errno -2] Name or service not known)"))
2026-05-29 00:46:11,606 [ERROR] No se pudieron recopilar datos legibles de la API externa.
2026-05-29 01:00:31,572 [INFO] === INICIANDO INSTANCIA DE MONITOREO ===
2026-05-29 01:00:31,572 [INFO] Consultando API del Hospital Perrupato...
2026-05-29 01:00:32,014 [ERROR] Fallo al conectar con la API: HTTPSConnectionPool(host='mendoza.bahiayasociados.com', port=443): Max retries exceeded with url: /turnos/hospital-perrupato/especialidades (Caused by NameResolutionError("HTTPSConnection(host='mendoza.bahiayasociados.com', port=443): Failed to resolve 'mendoza.bahiayasociados.com' ([Errno -2] Name or service not known)"))
2026-05-29 01:00:32,014 [ERROR] No se pudieron recopilar datos legibles de la API externa.
2026-05-29 01:16:01,242 [INFO] === INICIANDO INSTANCIA DE MONITOREO ===
2026-05-29 01:16:01,242 [INFO] Consultando API del Hospital Perrupato...
2026-05-29 01:16:01,334 [ERROR] Fallo al conectar con la API: HTTPSConnectionPool(host='mendoza.bahiayasociados.com', port=443): Max retries exceeded with url: /turnos/hospital-perrupato/especialidades (Caused by NameResolutionError("HTTPSConnection(host='mendoza.bahiayasociados.com', port=443): Failed to resolve 'mendoza.bahiayasociados.com' ([Errno -2] Name or service not known)"))
2026-05-29 01:16:01,334 [ERROR] No se pudieron recopilar datos legibles de la API externa.
2026-05-29 01:31:16,279 [INFO] === INICIANDO INSTANCIA DE MONITOREO ===
2026-05-29 01:31:16,279 [INFO] Consultando API del Hospital Perrupato...
2026-05-29 01:31:16,388 [ERROR] Fallo al conectar con la API: HTTPSConnectionPool(host='mendoza.bahiayasociados.com', port=443): Max retries exceeded with url: /turnos/hospital-perrupato/especialidades (Caused by NameResolutionError("HTTPSConnection(host='mendoza.bahiayasociados.com', port=443): Failed to resolve 'mendoza.bahiayasociados.com' ([Errno -2] Name or service not known)"))
2026-05-29 01:31:16,388 [ERROR] No se pudieron recopilar datos legibles de la API externa.
2026-05-29 01:45:48,242 [INFO] === INICIANDO INSTANCIA DE MONITOREO ===
2026-05-29 01:45:48,242 [INFO] Consultando API del Hospital Perrupato...
2026-05-29 01:45:48,351 [ERROR] Fallo al conectar con la API: HTTPSConnectionPool(host='mendoza.bahiayasociados.com', port=443): Max retries exceeded with url: /turnos/hospital-perrupato/especialidades (Caused by NameResolutionError("HTTPSConnection(host='mendoza.bahiayasociados.com', port=443): Failed to resolve 'mendoza.bahiayasociados.com' ([Errno -2] Name or service not known)"))
2026-05-29 01:45:48,351 [ERROR] No se pudieron recopilar datos legibles de la API externa.
2026-05-29 02:00:16,199 [INFO] === INICIANDO INSTANCIA DE MONITOREO ===
2026-05-29 02:00:16,199 [INFO] Consultando API del Hospital Perrupato...
2026-05-29 02:00:17,120 [ERROR] Fallo al conectar con la API: HTTPSConnectionPool(host='mendoza.bahiayasociados.com', port=443): Max retries exceeded with url: /turnos/hospital-perrupato/especialidades (Caused by NameResolutionError("HTTPSConnection(host='mendoza.bahiayasociados.com', port=443): Failed to resolve 'mendoza.bahiayasociados.com' ([Errno -2] Name or service not known)"))
2026-05-29 02:00:17,120 [ERROR] No se pudieron recopilar datos legibles de la API externa.
2026-05-29 02:15:06,308 [INFO] === INICIANDO INSTANCIA DE MONITOREO ===
2026-05-29 02:15:06,308 [INFO] Consultando API del Hospital Perrupato...
2026-05-29 02:15:06,454 [ERROR] Fallo al conectar con la API: HTTPSConnectionPool(host='mendoza.bahiayasociados.com', port=443): Max retries exceeded with url: /turnos/hospital-perrupato/especialidades (Caused by NameResolutionError("HTTPSConnection(host='mendoza.bahiayasociados.com', port=443): Failed to resolve 'mendoza.bahiayasociados.com' ([Errno -2] Name or service not known)"))
2026-05-29 02:15:06,454 [ERROR] No se pudieron recopilar datos legibles de la API externa.
2026-05-29 02:30:58,360 [INFO] === INICIANDO INSTANCIA DE MONITOREO ===
2026-05-29 02:30:58,360 [INFO] Consultando API del Hospital Perrupato...
2026-05-29 02:30:58,523 [ERROR] Fallo al conectar con la API: HTTPSConnectionPool(host='mendoza.bahiayasociados.com', port=443): Max retries exceeded with url: /turnos/hospital-perrupato/especialidades (Caused by NameResolutionError("HTTPSConnection(host='mendoza.bahiayasociados.com', port=443): Failed to resolve 'mendoza.bahiayasociados.com' ([Errno -2] Name or service not known)"))
2026-05-29 02:30:58,523 [ERROR] No se pudieron recopilar datos legibles de la API externa.
2026-05-29 02:45:50,985 [INFO] === INICIANDO INSTANCIA DE MONITOREO ===
2026-05-29 02:45:50,985 [INFO] Consultando API del Hospital Perrupato...
2026-05-29 02:45:51,105 [ERROR] Fallo al conectar con la API: HTTPSConnectionPool(host='mendoza.bahiayasociados.com', port=443): Max retries exceeded with url: /turnos/hospital-perrupato/especialidades (Caused by NameResolutionError("HTTPSConnection(host='mendoza.bahiayasociados.com', port=443): Failed to resolve 'mendoza.bahiayasociados.com' ([Errno -2] Name or service not known)"))
2026-05-29 02:45:51,105 [ERROR] No se pudieron recopilar datos legibles de la API externa.
2026-05-29 03:00:44,560 [INFO] === INICIANDO INSTANCIA DE MONITOREO ===
2026-05-29 03:00:44,561 [INFO] Consultando API del Hospital Perrupato...
2026-05-29 03:00:44,904 [ERROR] Fallo al conectar con la API: HTTPSConnectionPool(host='mendoza.bahiayasociados.com', port=443): Max retries exceeded with url: /turnos/hospital-perrupato/especialidades (Caused by NameResolutionError("HTTPSConnection(host='mendoza.bahiayasociados.com', port=443): Failed to resolve 'mendoza.bahiayasociados.com' ([Errno -2] Name or service not known)"))
2026-05-29 03:00:44,904 [ERROR] No se pudieron recopilar datos legibles de la API externa.
2026-05-29 03:16:01,175 [INFO] === INICIANDO INSTANCIA DE MONITOREO ===
2026-05-29 03:16:01,175 [INFO] Consultando API del Hospital Perrupato...
2026-05-29 03:16:01,267 [ERROR] Fallo al conectar con la API: HTTPSConnectionPool(host='mendoza.bahiayasociados.com', port=443): Max retries exceeded with url: /turnos/hospital-perrupato/especialidades (Caused by NameResolutionError("HTTPSConnection(host='mendoza.bahiayasociados.com', port=443): Failed to resolve 'mendoza.bahiayasociados.com' ([Errno -2] Name or service not known)"))
2026-05-29 03:16:01,267 [ERROR] No se pudieron recopilar datos legibles de la API externa.
2026-05-29 03:30:29,269 [INFO] === INICIANDO INSTANCIA DE MONITOREO ===
2026-05-29 03:30:29,269 [INFO] Consultando API del Hospital Perrupato...
2026-05-29 03:30:29,550 [ERROR] Fallo al conectar con la API: HTTPSConnectionPool(host='mendoza.bahiayasociados.com', port=443): Max retries exceeded with url: /turnos/hospital-perrupato/especialidades (Caused by NameResolutionError("HTTPSConnection(host='mendoza.bahiayasociados.com', port=443): Failed to resolve 'mendoza.bahiayasociados.com' ([Errno -2] Name or service not known)"))
2026-05-29 03:30:29,550 [ERROR] No se pudieron recopilar datos legibles de la API externa.
2026-05-29 03:45:10,411 [INFO] === INICIANDO INSTANCIA DE MONITOREO ===
2026-05-29 03:45:10,411 [INFO] Consultando API del Hospital Perrupato...
2026-05-29 03:45:10,548 [ERROR] Fallo al conectar con la API: HTTPSConnectionPool(host='mendoza.bahiayasociados.com', port=443): Max retries exceeded with url: /turnos/hospital-perrupato/especialidades (Caused by NameResolutionError("HTTPSConnection(host='mendoza.bahiayasociados.com', port=443): Failed to resolve 'mendoza.bahiayasociados.com' ([Errno -2] Name or service not known)"))
2026-05-29 03:45:10,548 [ERROR] No se pudieron recopilar datos legibles de la API externa.
2026-05-29 04:00:22,042 [INFO] === INICIANDO INSTANCIA DE MONITOREO ===
2026-05-29 04:00:22,042 [INFO] Consultando API del Hospital Perrupato...
2026-05-29 04:00:22,161 [ERROR] Fallo al conectar con la API: HTTPSConnectionPool(host='mendoza.bahiayasociados.com', port=443): Max retries exceeded with url: /turnos/hospital-perrupato/especialidades (Caused by NameResolutionError("HTTPSConnection(host='mendoza.bahiayasociados.com', port=443): Failed to resolve 'mendoza.bahiayasociados.com' ([Errno -2] Name or service not known)"))
2026-05-29 04:00:22,162 [ERROR] No se pudieron recopilar datos legibles de la API externa.
2026-05-29 04:15:43,471 [INFO] === INICIANDO INSTANCIA DE MONITOREO ===
2026-05-29 04:15:43,471 [INFO] Consultando API del Hospital Perrupato...
2026-05-29 04:15:43,558 [ERROR] Fallo al conectar con la API: HTTPSConnectionPool(host='mendoza.bahiayasociados.com', port=443): Max retries exceeded with url: /turnos/hospital-perrupato/especialidades (Caused by NameResolutionError("HTTPSConnection(host='mendoza.bahiayasociados.com', port=443): Failed to resolve 'mendoza.bahiayasociados.com' ([Errno -2] Name or service not known)"))
2026-05-29 04:15:43,558 [ERROR] No se pudieron recopilar datos legibles de la API externa.
2026-05-29 04:30:15,973 [INFO] === INICIANDO INSTANCIA DE MONITOREO ===
2026-05-29 04:30:15,973 [INFO] Consultando API del Hospital Perrupato...
2026-05-29 04:30:16,082 [ERROR] Fallo al conectar con la API: HTTPSConnectionPool(host='mendoza.bahiayasociados.com', port=443): Max retries exceeded with url: /turnos/hospital-perrupato/especialidades (Caused by NameResolutionError("HTTPSConnection(host='mendoza.bahiayasociados.com', port=443): Failed to resolve 'mendoza.bahiayasociados.com' ([Errno -2] Name or service not known)"))
2026-05-29 04:30:16,082 [ERROR] No se pudieron recopilar datos legibles de la API externa.
2026-05-29 04:45:36,475 [INFO] === INICIANDO INSTANCIA DE MONITOREO ===
2026-05-29 04:45:36,475 [INFO] Consultando API del Hospital Perrupato...
2026-05-29 04:45:36,631 [ERROR] Fallo al conectar con la API: HTTPSConnectionPool(host='mendoza.bahiayasociados.com', port=443): Max retries exceeded with url: /turnos/hospital-perrupato/especialidades (Caused by NameResolutionError("HTTPSConnection(host='mendoza.bahiayasociados.com', port=443): Failed to resolve 'mendoza.bahiayasociados.com' ([Errno -2] Name or service not known)"))
2026-05-29 04:45:36,632 [ERROR] No se pudieron recopilar datos legibles de la API externa.
2026-05-29 05:00:36,302 [INFO] === INICIANDO INSTANCIA DE MONITOREO ===
2026-05-29 05:00:36,302 [INFO] Consultando API del Hospital Perrupato...
2026-05-29 05:00:36,392 [ERROR] Fallo al conectar con la API: HTTPSConnectionPool(host='mendoza.bahiayasociados.com', port=443): Max retries exceeded with url: /turnos/hospital-perrupato/especialidades (Caused by NameResolutionError("HTTPSConnection(host='mendoza.bahiayasociados.com', port=443): Failed to resolve 'mendoza.bahiayasociados.com' ([Errno -2] Name or service not known)"))
2026-05-29 05:00:36,392 [ERROR] No se pudieron recopilar datos legibles de la API externa.
2026-05-29 05:16:17,307 [INFO] === INICIANDO INSTANCIA DE MONITOREO ===
2026-05-29 05:16:17,307 [INFO] Consultando API del Hospital Perrupato...
2026-05-29 05:16:17,454 [ERROR] Fallo al conectar con la API: HTTPSConnectionPool(host='mendoza.bahiayasociados.com', port=443): Max retries exceeded with url: /turnos/hospital-perrupato/especialidades (Caused by NameResolutionError("HTTPSConnection(host='mendoza.bahiayasociados.com', port=443): Failed to resolve 'mendoza.bahiayasociados.com' ([Errno -2] Name or service not known)"))
2026-05-29 05:16:17,454 [ERROR] No se pudieron recopilar datos legibles de la API externa.
2026-05-29 05:30:22,575 [INFO] === INICIANDO INSTANCIA DE MONITOREO ===
2026-05-29 05:30:22,575 [INFO] Consultando API del Hospital Perrupato...
2026-05-29 05:30:22,687 [ERROR] Fallo al conectar con la API: HTTPSConnectionPool(host='mendoza.bahiayasociados.com', port=443): Max retries exceeded with url: /turnos/hospital-perrupato/especialidades (Caused by NameResolutionError("HTTPSConnection(host='mendoza.bahiayasociados.com', port=443): Failed to resolve 'mendoza.bahiayasociados.com' ([Errno -2] Name or service not known)"))
2026-05-29 05:30:22,687 [ERROR] No se pudieron recopilar datos legibles de la API externa.
2026-05-29 05:45:58,402 [INFO] === INICIANDO INSTANCIA DE MONITOREO ===
2026-05-29 05:45:58,402 [INFO] Consultando API del Hospital Perrupato...
2026-05-29 05:45:58,571 [ERROR] Fallo al conectar con la API: HTTPSConnectionPool(host='mendoza.bahiayasociados.com', port=443): Max retries exceeded with url: /turnos/hospital-perrupato/especialidades (Caused by NameResolutionError("HTTPSConnection(host='mendoza.bahiayasociados.com', port=443): Failed to resolve 'mendoza.bahiayasociados.com' ([Errno -2] Name or service not known)"))
2026-05-29 05:45:58,572 [ERROR] No se pudieron recopilar datos legibles de la API externa.
2026-05-29 06:00:38,143 [INFO] === INICIANDO INSTANCIA DE MONITOREO ===
2026-05-29 06:00:38,143 [INFO] Consultando API del Hospital Perrupato...
2026-05-29 06:00:38,311 [ERROR] Fallo al conectar con la API: HTTPSConnectionPool(host='mendoza.bahiayasociados.com', port=443): Max retries exceeded with url: /turnos/hospital-perrupato/especialidades (Caused by NameResolutionError("HTTPSConnection(host='mendoza.bahiayasociados.com', port=443): Failed to resolve 'mendoza.bahiayasociados.com' ([Errno -2] Name or service not known)"))
2026-05-29 06:00:38,311 [ERROR] No se pudieron recopilar datos legibles de la API externa.
2026-05-29 06:15:22,006 [INFO] === INICIANDO INSTANCIA DE MONITOREO ===
2026-05-29 06:15:22,006 [INFO] Consultando API del Hospital Perrupato...
2026-05-29 06:15:22,166 [ERROR] Fallo al conectar con la API: HTTPSConnectionPool(host='mendoza.bahiayasociados.com', port=443): Max retries exceeded with url: /turnos/hospital-perrupato/especialidades (Caused by NameResolutionError("HTTPSConnection(host='mendoza.bahiayasociados.com', port=443): Failed to resolve 'mendoza.bahiayasociados.com' ([Errno -2] Name or service not known)"))
2026-05-29 06:15:22,166 [ERROR] No se pudieron recopilar datos legibles de la API externa.
2026-05-29 06:30:48,755 [INFO] === INICIANDO INSTANCIA DE MONITOREO ===
2026-05-29 06:30:48,755 [INFO] Consultando API del Hospital Perrupato...
2026-05-29 06:30:48,903 [ERROR] Fallo al conectar con la API: HTTPSConnectionPool(host='mendoza.bahiayasociados.com', port=443): Max retries exceeded with url: /turnos/hospital-perrupato/especialidades (Caused by NameResolutionError("HTTPSConnection(host='mendoza.bahiayasociados.com', port=443): Failed to resolve 'mendoza.bahiayasociados.com' ([Errno -2] Name or service not known)"))
2026-05-29 06:30:48,903 [ERROR] No se pudieron recopilar datos legibles de la API externa.
2026-05-29 06:45:47,107 [INFO] === INICIANDO INSTANCIA DE MONITOREO ===
2026-05-29 06:45:47,107 [INFO] Consultando API del Hospital Perrupato...
2026-05-29 06:45:47,284 [ERROR] Fallo al conectar con la API: HTTPSConnectionPool(host='mendoza.bahiayasociados.com', port=443): Max retries exceeded with url: /turnos/hospital-perrupato/especialidades (Caused by NameResolutionError("HTTPSConnection(host='mendoza.bahiayasociados.com', port=443): Failed to resolve 'mendoza.bahiayasociados.com' ([Errno -2] Name or service not known)"))
2026-05-29 06:45:47,284 [ERROR] No se pudieron recopilar datos legibles de la API externa.
2026-05-29 07:01:09,745 [INFO] === INICIANDO INSTANCIA DE MONITOREO ===
2026-05-29 07:01:09,746 [INFO] Consultando API del Hospital Perrupato...
2026-05-29 07:01:09,976 [ERROR] Fallo al conectar con la API: HTTPSConnectionPool(host='mendoza.bahiayasociados.com', port=443): Max retries exceeded with url: /turnos/hospital-perrupato/especialidades (Caused by NameResolutionError("HTTPSConnection(host='mendoza.bahiayasociados.com', port=443): Failed to resolve 'mendoza.bahiayasociados.com' ([Errno -2] Name or service not known)"))
2026-05-29 07:01:09,976 [ERROR] No se pudieron recopilar datos legibles de la API externa.
