2026-05-19 12:21:11,907 | INFO     | ╔════════════════════════════════════════════════════╗
2026-05-19 12:21:11,907 | INFO     | ║ 🏥 MONITOR PROFESIONAL - 19/05/2026 09:21:11 ║
2026-05-19 12:21:11,907 | INFO     | ╚════════════════════════════════════════════════════╝
2026-05-19 12:21:11,907 | INFO     | → Consultando API...
2026-05-19 12:21:13,951 | INFO     | ✓ API: 41 especialidades recibidas
2026-05-19 12:21:13,951 | INFO     | 📈 AUMENTO: PEDIATRIA CONSULTA (1 → 73, +72)
2026-05-19 12:21:13,952 | INFO     | 🆕 NUEVO: ODONTOLOGIA ADULTO (241 cupos)
2026-05-19 12:21:13,952 | INFO     | 🆕 NUEVO: CIRUGIA GENERAL (113 cupos)
2026-05-19 12:21:13,952 | INFO     | 🆕 NUEVO: CIRUGIA INFANTIL (47 cupos)
2026-05-19 12:21:13,952 | INFO     | 📈 AUMENTO: CLINICA MEDICA CONSULTA (22 → 236, +214)
2026-05-19 12:21:13,952 | INFO     | 🆕 NUEVO: CUIDADOS PALIATIVOS CON DERIVACION OBLIGATORIA (15 cupos)
2026-05-19 12:21:13,952 | INFO     | 🆕 NUEVO: DERMATOLOGIA GENERAL (10 cupos)
2026-05-19 12:21:13,952 | INFO     | 🆕 NUEVO: DIABETOLOGIA GENERAL (32 cupos)
2026-05-19 12:21:13,952 | INFO     | 🆕 NUEVO: HEMATOLOGIA CLINICA (30 cupos)
2026-05-19 12:21:13,952 | INFO     | 🆕 NUEVO: INFECTOLOGIA (32 cupos)
2026-05-19 12:21:13,952 | INFO     | 🆕 NUEVO: INFECTOLOGIA PEDIATRICA (3 cupos)
2026-05-19 12:21:13,952 | INFO     | 🆕 NUEVO: PATOLOGIA MAMARIA (CON DERIVACION OBLIGATORIA) (12 cupos)
2026-05-19 12:21:13,952 | INFO     | 🆕 NUEVO: NEFROLOGIA (16 cupos)
2026-05-19 12:21:13,953 | INFO     | 🆕 NUEVO: NEUMONOLOGIA ADULTO (CON DERIVACIÓN) (4 cupos)
2026-05-19 12:21:13,953 | INFO     | 🆕 NUEVO: NEUMONOLOGIA INFANTIL (12 cupos)
2026-05-19 12:21:13,953 | INFO     | 🆕 NUEVO: NEUROLOGIA NUEVO (CON DERIVACIÓN) (20 cupos)
2026-05-19 12:21:13,953 | INFO     | 🆕 NUEVO: NUTRICION GENERAL (14 cupos)
2026-05-19 12:21:13,953 | INFO     | 🆕 NUEVO: OBSTETRICIA BAJO RIESGO (115 cupos)
2026-05-19 12:21:13,953 | INFO     | 📈 AUMENTO: ONCOLOGIA (1 → 35, +34)
2026-05-19 12:21:13,953 | INFO     | 🆕 NUEVO: PRE ANESTESIA PEDIATRIA (19 cupos)
2026-05-19 12:21:13,953 | INFO     | 🆕 NUEVO: REUMATOLOGIA (DERIVACION OBLIGATORIA) (40 cupos)
2026-05-19 12:21:13,953 | INFO     | 🆕 NUEVO: TRAUMATOLOGIA ADULTO (120 cupos)
2026-05-19 12:21:13,953 | INFO     | 🆕 NUEVO: TRAUMATOLOGIA INFANTIL (6 cupos)
2026-05-19 12:21:13,953 | INFO     | 🆕 NUEVO: UROLOGIA (58 cupos)
2026-05-19 12:21:13,953 | INFO     | 🆕 NUEVO: CARDIOLOGIA ADULTO (52 cupos)
2026-05-19 12:21:13,953 | INFO     | 🆕 NUEVO: COLOPROCTOLOGIA (20 cupos)
2026-05-19 12:21:13,953 | INFO     | 📈 AUMENTO: CIRUGIA TORACICA (1 → 12, +11)
2026-05-19 12:21:13,953 | INFO     | 🆕 NUEVO: PEDIATRIA MEDIANO RIESGO (20 cupos)
2026-05-19 12:21:13,954 | INFO     | 🆕 NUEVO: ODONTOLOGÍA PEDIATRICA (57 cupos)
2026-05-19 12:21:13,954 | INFO     | 🆕 NUEVO: PODOLOGIA (70 cupos)
2026-05-19 12:21:13,954 | INFO     | 🆕 NUEVO: ESPIROMETRIA ADULTO (CON DERIVACIÓN) (14 cupos)
2026-05-19 12:21:13,954 | INFO     | 🆕 NUEVO: ESPIROMETRIA NIÑOS (CON DERIVACIÓN) (8 cupos)
2026-05-19 12:21:13,954 | INFO     | 🆕 NUEVO: ELECTROCARDIOGRAMA ADULTO(CON DERIVACION) (48 cupos)
2026-05-19 12:21:14,471 | ERROR    | ✗ Error Telegram: 400
2026-05-19 12:21:14,472 | INFO     | ═════════════════════════════════════════════════════
