2026-05-20 09:26:14,116 | INFO     | ╔════════════════════════════════════════════════════╗
2026-05-20 09:26:14,117 | INFO     | ║ 🏥 MONITOR PROFESIONAL - 20/05/2026 06:26:14 ║
2026-05-20 09:26:14,117 | INFO     | ╚════════════════════════════════════════════════════╝
2026-05-20 09:26:14,117 | INFO     | → Consultando API...
2026-05-20 09:26:15,621 | INFO     | ✓ API: 41 especialidades recibidas
2026-05-20 09:26:15,622 | INFO     | 🆕 NUEVO: CIRUGIA GENERAL (67 cupos)
2026-05-20 09:26:15,622 | INFO     | 🆕 NUEVO: CIRUGIA INFANTIL (34 cupos)
2026-05-20 09:26:15,622 | INFO     | 🆕 NUEVO: CLINICA MEDICA CONSULTA (8 cupos)
2026-05-20 09:26:15,622 | INFO     | 🆕 NUEVO: CUIDADOS PALIATIVOS CON DERIVACION OBLIGATORIA (13 cupos)
2026-05-20 09:26:15,622 | INFO     | 🆕 NUEVO: DIABETOLOGIA GENERAL (1 cupos)
2026-05-20 09:26:15,622 | INFO     | 🆕 NUEVO: HEMATOLOGIA CLINICA (4 cupos)
2026-05-20 09:26:15,623 | INFO     | 🆕 NUEVO: INFECTOLOGIA (1 cupos)
2026-05-20 09:26:15,623 | INFO     | 🆕 NUEVO: INFECTOLOGIA PEDIATRICA (1 cupos)
2026-05-20 09:26:15,623 | INFO     | 🆕 NUEVO: OBSTETRICIA BAJO RIESGO (83 cupos)
2026-05-20 09:26:15,623 | INFO     | 🆕 NUEVO: ONCOLOGIA (17 cupos)
2026-05-20 09:26:15,623 | INFO     | 🆕 NUEVO: PRE ANESTESIA PEDIATRIA (3 cupos)
2026-05-20 09:26:15,623 | INFO     | 🆕 NUEVO: COLOPROCTOLOGIA (7 cupos)
2026-05-20 09:26:15,623 | INFO     | 🆕 NUEVO: CIRUGIA TORACICA (9 cupos)
2026-05-20 09:26:15,623 | INFO     | 🆕 NUEVO: PODOLOGIA (36 cupos)
2026-05-20 09:26:15,623 | INFO     | 🆕 NUEVO: ESPIROMETRIA ADULTO (CON DERIVACIÓN) (1 cupos)
2026-05-20 09:26:16,125 | INFO     | ✓ Notificación Telegram enviada
2026-05-20 09:26:16,126 | INFO     | ═════════════════════════════════════════════════════
