2026-05-21 18:27:27,053 | INFO     | ╔════════════════════════════════════════════════════╗
2026-05-21 18:27:27,053 | INFO     | ║ 🏥 MONITOR PROFESIONAL - 21/05/2026 15:27:27 ║
2026-05-21 18:27:27,053 | INFO     | ╚════════════════════════════════════════════════════╝
2026-05-21 18:27:27,053 | INFO     | → Consultando API...
2026-05-21 18:27:28,579 | INFO     | ✓ API: 41 especialidades recibidas
2026-05-21 18:27:28,580 | INFO     | 🆕 NUEVO: CIRUGIA GENERAL (21 cupos)
2026-05-21 18:27:28,581 | INFO     | 🆕 NUEVO: CIRUGIA INFANTIL (26 cupos)
2026-05-21 18:27:28,581 | INFO     | 🆕 NUEVO: CUIDADOS PALIATIVOS CON DERIVACION OBLIGATORIA (9 cupos)
2026-05-21 18:27:28,581 | INFO     | 🆕 NUEVO: DIABETOLOGIA GENERAL (1 cupos)
2026-05-21 18:27:28,581 | INFO     | 🆕 NUEVO: HEMATOLOGIA CLINICA (11 cupos)
2026-05-21 18:27:28,581 | INFO     | 🆕 NUEVO: INFECTOLOGIA (1 cupos)
2026-05-21 18:27:28,581 | INFO     | 🆕 NUEVO: NEFROLOGIA (1 cupos)
2026-05-21 18:27:28,581 | INFO     | 🆕 NUEVO: NEUMONOLOGIA INFANTIL (1 cupos)
2026-05-21 18:27:28,581 | INFO     | 🆕 NUEVO: NEUROLOGIA NUEVO (CON DERIVACIÓN) (1 cupos)
2026-05-21 18:27:28,581 | INFO     | 🆕 NUEVO: OBSTETRICIA BAJO RIESGO (38 cupos)
2026-05-21 18:27:28,581 | INFO     | 🆕 NUEVO: ONCOLOGIA (11 cupos)
2026-05-21 18:27:28,581 | INFO     | 🆕 NUEVO: PRE ANESTESIA PEDIATRIA (2 cupos)
2026-05-21 18:27:28,581 | INFO     | 🆕 NUEVO: REUMATOLOGIA (DERIVACION OBLIGATORIA) (1 cupos)
2026-05-21 18:27:28,581 | INFO     | 🆕 NUEVO: CIRUGIA TORACICA (7 cupos)
2026-05-21 18:27:28,582 | INFO     | 🆕 NUEVO: PODOLOGIA (2 cupos)
2026-05-21 18:27:29,223 | INFO     | ✓ Notificación Telegram enviada
2026-05-21 18:27:29,224 | INFO     | ═════════════════════════════════════════════════════
