2026-05-17 07:26:59,028 | INFO     | ╔════════════════════════════════════════════════════╗
2026-05-17 07:26:59,028 | INFO     | ║ 🏥 MONITOR PROFESIONAL - 17/05/2026 04:26:59 ║
2026-05-17 07:26:59,028 | INFO     | ╚════════════════════════════════════════════════════╝
2026-05-17 07:26:59,028 | INFO     | → Consultando API...
2026-05-17 07:27:00,375 | INFO     | ✓ API: 41 especialidades recibidas
2026-05-17 07:27:00,376 | INFO     | 🆕 NUEVO: PEDIATRIA CONSULTA (69 cupos)
2026-05-17 07:27:00,376 | INFO     | 🆕 NUEVO: CIRUGIA GENERAL (1 cupos)
2026-05-17 07:27:00,377 | INFO     | 🆕 NUEVO: CIRUGIA INFANTIL (1 cupos)
2026-05-17 07:27:00,377 | INFO     | 🆕 NUEVO: CLINICA MEDICA CONSULTA (45 cupos)
2026-05-17 07:27:00,377 | INFO     | 🆕 NUEVO: HEMATOLOGIA CLINICA (1 cupos)
2026-05-17 07:27:00,377 | INFO     | 🆕 NUEVO: INFECTOLOGIA PEDIATRICA (1 cupos)
2026-05-17 07:27:00,377 | INFO     | 🆕 NUEVO: PATOLOGIA MAMARIA (CON DERIVACION OBLIGATORIA) (1 cupos)
2026-05-17 07:27:00,377 | INFO     | 🆕 NUEVO: OBSTETRICIA BAJO RIESGO (17 cupos)
2026-05-17 07:27:00,377 | INFO     | 🆕 NUEVO: ONCOLOGIA (23 cupos)
2026-05-17 07:27:00,377 | INFO     | 🆕 NUEVO: CIRUGIA TORACICA (9 cupos)
2026-05-17 07:27:00,378 | CRITICAL | Error crítico: 'ProcesadorEspecialidades' object has no attribute 'hay_contenido'
Traceback (most recent call last):
  File "/home/runner/work/monitor-turnos-hospital/monitor-turnos-hospital/monitor.py", line 664, in <module>
    main()
  File "/home/runner/work/monitor-turnos-hospital/monitor-turnos-hospital/monitor.py", line 637, in main
    if procesador.hay_contenido():
       ^^^^^^^^^^^^^^^^^^^^^^^^
AttributeError: 'ProcesadorEspecialidades' object has no attribute 'hay_contenido'
2026-05-17 07:27:01,021 | INFO     | ✓ Notificación Telegram enviada
