2026-05-17 07:15:02,528 | INFO     | ╔════════════════════════════════════════════════════╗
2026-05-17 07:15:02,528 | INFO     | ║ 🏥 MONITOR PROFESIONAL - 17/05/2026 04:15:02 ║
2026-05-17 07:15:02,528 | INFO     | ╚════════════════════════════════════════════════════╝
2026-05-17 07:15:02,528 | INFO     | → Consultando API...
2026-05-17 07:15:04,091 | INFO     | ✓ API: 41 especialidades recibidas
2026-05-17 07:15:04,092 | INFO     | 🆕 NUEVO: PEDIATRIA CONSULTA (69 cupos)
2026-05-17 07:15:04,092 | INFO     | 🆕 NUEVO: CIRUGIA GENERAL (1 cupos)
2026-05-17 07:15:04,092 | INFO     | 🆕 NUEVO: CIRUGIA INFANTIL (1 cupos)
2026-05-17 07:15:04,092 | INFO     | 🆕 NUEVO: CLINICA MEDICA CONSULTA (45 cupos)
2026-05-17 07:15:04,093 | INFO     | 🆕 NUEVO: HEMATOLOGIA CLINICA (1 cupos)
2026-05-17 07:15:04,093 | INFO     | 🆕 NUEVO: INFECTOLOGIA PEDIATRICA (1 cupos)
2026-05-17 07:15:04,093 | INFO     | 🆕 NUEVO: PATOLOGIA MAMARIA (CON DERIVACION OBLIGATORIA) (1 cupos)
2026-05-17 07:15:04,093 | INFO     | 🆕 NUEVO: OBSTETRICIA BAJO RIESGO (17 cupos)
2026-05-17 07:15:04,093 | INFO     | 🆕 NUEVO: ONCOLOGIA (23 cupos)
2026-05-17 07:15:04,093 | INFO     | 🆕 NUEVO: CIRUGIA TORACICA (9 cupos)
2026-05-17 07:15:04,094 | CRITICAL | Error crítico: 'ProcesadorEspecialidades' object has no attribute 'hay_contenido'
Traceback (most recent call last):
  File "/home/runner/work/monitor-turnos-hospital/monitor-turnos-hospital/monitor.py", line 656, in <module>
    main()
  File "/home/runner/work/monitor-turnos-hospital/monitor-turnos-hospital/monitor.py", line 629, in main
    if procesador.hay_contenido():
       ^^^^^^^^^^^^^^^^^^^^^^^^
AttributeError: 'ProcesadorEspecialidades' object has no attribute 'hay_contenido'
2026-05-17 07:15:04,573 | INFO     | ✓ Notificación Telegram enviada
